0 info it worked if it ends with ok
1 verbose cli [ 'C:\\Program Files\\nodejs\\node.exe',
1 verbose cli   'C:\\Program Files\\nodejs\\node_modules\\npm\\bin\\npm-cli.js',
1 verbose cli   'start' ]
2 info using npm@3.7.2
3 info using node@v4.2.2
4 verbose run-script [ 'prestart', 'start', 'poststart' ]
5 info lifecycle angular2-boilerplate@1.0.0~prestart: angular2-boilerplate@1.0.0
6 silly lifecycle angular2-boilerplate@1.0.0~prestart: no script for prestart, continuing
7 info lifecycle angular2-boilerplate@1.0.0~start: angular2-boilerplate@1.0.0
8 verbose lifecycle angular2-boilerplate@1.0.0~start: unsafe-perm in lifecycle true
9 verbose lifecycle angular2-boilerplate@1.0.0~start: PATH: C:\Program Files\nodejs\node_modules\npm\bin\node-gyp-bin;D:\WebstormProjects\udcgtoa2\node_modules\.bin;C:\Program Files\nodejs;C:\Python34\Lib\site-packages\PyQt4;C:\Ruby22-x64\bin;C:\Python34\;C:\Python34\Scripts;C:\ProgramData\Oracle\Java\javapath;C:\Windows\system32;C:\Windows;C:\Windows\System32\Wbem;C:\Windows\System32\WindowsPowerShell\v1.0\;C:\Program Files (x86)\Git\cmd;C:\Program Files\nodejs\;C:\Program Files (x86)\MiKTeX 2.9\miktex\bin\;C:\scala\bin;C:\Program Files\MongoDB\Server\3.0\bin;C:\Program Files\MySQL\MySQL Server 5.6\bin;C:\xampp\php;C:\devkit\bin;C:\Program Files\PostgreSQL\9.4\bin;C:\Program Files\Redis;C:\Program Files (x86)\MySQL\MySQL Fabric 1.5.4 & MySQL Utilities 1.5.4 1.5\;C:\Program Files (x86)\MySQL\MySQL Fabric 1.5.4 & MySQL Utilities 1.5.4 1.5\Doctrine extensions for PHP\;C:\Program Files (x86)\sbt\bin;C:\Program Files\Amazon\AWSCLI\;C:\Julia-0.4.0-pre\bin;C:\Program Files\Java\jdk1.8.0_45\bin;C:\activator;C:\Go\bin;C:\spark-1.5.1\bin;C:\Program Files (x86)\nodejs\;C:\apache-maven-3.3.9\bin;D:\Vagrant\bin;C:\gradle-2.10\bin;C:\Program Files\Java\jdk1.8.0_45\bin;C:\Program Files (x86)\Groovy\Groovy-2.4.5\bin;C:\MAMP\bin\php\php7.0.0;C:\ProgramData\ComposerSetup\bin;C:\Users\Administrator.PC-201412270109\AppData\Roaming\Composer\vendor\bin;C:\Program Files\Confused by Code\cURL Manager\cURL;C:\Program Files\DataStax-DDC\apache-cassandra\bin;C:\Users\Administrator.PC-201412270109\AppData\Local\.meteor\;C:\Program Files (x86)\Microsoft VS Code\bin;C:\Users\Administrator.PC-201412270109\AppData\Roaming\npm;C:\Users\Administrator.PC-201412270109\AppData\Local\Android\sdk\platform-tools
10 verbose lifecycle angular2-boilerplate@1.0.0~start: CWD: D:\WebstormProjects\udcgtoa2
11 silly lifecycle angular2-boilerplate@1.0.0~start: Args: [ '/d /s /c', 'concurrent "npm run lite" ' ]
12 silly lifecycle angular2-boilerplate@1.0.0~start: Returned: code: 1  signal: null
13 info lifecycle angular2-boilerplate@1.0.0~start: Failed to exec start script
14 verbose stack Error: angular2-boilerplate@1.0.0 start: `concurrent "npm run lite" `
14 verbose stack Exit status 1
14 verbose stack     at EventEmitter.<anonymous> (C:\Program Files\nodejs\node_modules\npm\lib\utils\lifecycle.js:239:16)
14 verbose stack     at emitTwo (events.js:87:13)
14 verbose stack     at EventEmitter.emit (events.js:172:7)
14 verbose stack     at ChildProcess.<anonymous> (C:\Program Files\nodejs\node_modules\npm\lib\utils\spawn.js:24:14)
14 verbose stack     at emitTwo (events.js:87:13)
14 verbose stack     at ChildProcess.emit (events.js:172:7)
14 verbose stack     at maybeClose (internal/child_process.js:818:16)
14 verbose stack     at Process.ChildProcess._handle.onexit (internal/child_process.js:211:5)
15 verbose pkgid angular2-boilerplate@1.0.0
16 verbose cwd D:\WebstormProjects\udcgtoa2
17 error Windows_NT 6.1.7601
18 error argv "C:\\Program Files\\nodejs\\node.exe" "C:\\Program Files\\nodejs\\node_modules\\npm\\bin\\npm-cli.js" "start"
19 error node v4.2.2
20 error npm  v3.7.2
21 error code ELIFECYCLE
22 error angular2-boilerplate@1.0.0 start: `concurrent "npm run lite" `
22 error Exit status 1
23 error Failed at the angular2-boilerplate@1.0.0 start script 'concurrent "npm run lite" '.
23 error Make sure you have the latest version of node.js and npm installed.
23 error If you do, this is most likely a problem with the angular2-boilerplate package,
23 error not with npm itself.
23 error Tell the author that this fails on your system:
23 error     concurrent "npm run lite"
23 error You can get information on how to open an issue for this project with:
23 error     npm bugs angular2-boilerplate
23 error Or if that isn't available, you can get their info via:
23 error     npm owner ls angular2-boilerplate
23 error There is likely additional logging output above.
24 verbose exit [ 1, true ]
